<?xml version="1.0" encoding="UTF-8"?>
<TestRun id="698418f3-74bf-4b6b-aa8b-0f22428a28b1" name="Tomson@WIN-JFQRAMAGDFJ 2014-07-24 14:19:03" runUser="WIN-JFQRAMAGDFJ\Tomson" xmlns="http://microsoft.com/schemas/VisualStudio/TeamTest/2010">
  <TestSettings name="本地" id="2b365126-f457-4e84-a70a-6a9d4c896ef3">
    <Description>这些设置为本地测试运行的默认测试设置。</Description>
    <Deployment runDeploymentRoot="Tomson_WIN-JFQRAMAGDFJ 2014-07-24 14_19_03">
      <DeploymentItem filename="C:\Example\Algorithms\Algorithms\bin\Debug\Algorithms.exe" />
    </Deployment>
    <Execution>
      <TestTypeSpecific>
        <UnitTestRunConfig testTypeId="13cdc9d9-ddb5-4fa4-a97d-d965ccfc6d4b">
          <AssemblyResolution>
            <TestDirectory useLoadContext="true" />
          </AssemblyResolution>
        </UnitTestRunConfig>
        <WebTestRunConfiguration testTypeId="4e7599fa-5ecb-43e9-a887-cd63cf72d207">
          <Browser name="Internet Explorer 7.0">
            <Headers>
              <Header name="User-Agent" value="Mozilla/4.0 (compatible; MSIE 7.0; Windows NT 5.1)" />
              <Header name="Accept" value="*/*" />
              <Header name="Accept-Language" value="{{$IEAcceptLanguage}}" />
              <Header name="Accept-Encoding" value="GZIP" />
            </Headers>
          </Browser>
        </WebTestRunConfiguration>
      </TestTypeSpecific>
      <AgentRule name="LocalMachineDefaultRole">
        <DataCollectors>
          <DataCollector uri="datacollector://microsoft/CodeCoverage/1.0" assemblyQualifiedName="Microsoft.VisualStudio.TestTools.CodeCoverage.CoveragePlugIn, Microsoft.VisualStudio.QualityTools.Plugins.CodeCoverage, Version=10.0.0.0, Culture=neutral, PublicKeyToken=b03f5f7f11d50a3a" friendlyName="代码覆盖率">
            <Configuration>
              <CodeCoverage xmlns="">
                <Regular>
                  <CodeCoverageItem binaryFile="C:\Example\Algorithms\Test\bin\Debug\Test.dll" pdbFile="C:\Example\Algorithms\Test\bin\Debug\Test.instr.pdb" instrumentInPlace="true" />
                </Regular>
              </CodeCoverage>
            </Configuration>
          </DataCollector>
        </DataCollectors>
      </AgentRule>
    </Execution>
  </TestSettings>
  <Times creation="2014-07-24T14:19:03.4492506+08:00" queuing="2014-07-24T14:19:23.5042559+08:00" start="2014-07-24T14:19:23.5942649+08:00" finish="2014-07-24T14:19:31.4000454+08:00" />
  <ResultSummary outcome="Completed">
    <Counters total="4" executed="4" passed="4" error="0" failed="0" timeout="0" aborted="0" inconclusive="0" passedButRunAborted="0" notRunnable="0" notExecuted="0" disconnected="0" warning="0" completed="0" inProgress="0" pending="0" />
    <ResultFiles>
      <ResultFile path="WIN-JFQRAMAGDFJ\data.coverage" />
    </ResultFiles>
  </ResultSummary>
  <TestDefinitions>
    <UnitTest name="MergeArrayTest" storage="c:\example\algorithms\test\bin\debug\test.dll" id="98939fcc-c702-767d-917e-14392c313e84">
      <Execution id="8a388f5d-9f61-424d-bbba-edd185362592" />
      <TestMethod codeBase="C:/Example/Algorithms/Test/bin/Debug/Test.DLL" adapterTypeName="Microsoft.VisualStudio.TestTools.TestTypes.Unit.UnitTestAdapter, Microsoft.VisualStudio.QualityTools.Tips.UnitTest.Adapter, Version=10.0.0.0, Culture=neutral, PublicKeyToken=b03f5f7f11d50a3a" className="Test.SortTest, Test, Version=1.0.0.0, Culture=neutral, PublicKeyToken=null" name="MergeArrayTest" />
    </UnitTest>
    <UnitTest name="Push_Push_Pop_Push_Pop_Test" storage="c:\example\algorithms\test\bin\debug\test.dll" id="f30f64dc-f60a-7a1b-4ed2-a7081c673cf4">
      <Execution id="4c49e655-5000-49f2-8694-7cc9a2e3cd0d" />
      <TestMethod codeBase="C:/Example/Algorithms/Test/bin/Debug/Test.DLL" adapterTypeName="Microsoft.VisualStudio.TestTools.TestTypes.Unit.UnitTestAdapter, Microsoft.VisualStudio.QualityTools.Tips.UnitTest.Adapter, Version=10.0.0.0, Culture=neutral, PublicKeyToken=b03f5f7f11d50a3a" className="Test.StactAndQueueTest, Test, Version=1.0.0.0, Culture=neutral, PublicKeyToken=null" name="Push_Push_Pop_Push_Pop_Test" />
    </UnitTest>
    <UnitTest name="BinarySearchTest" storage="c:\example\algorithms\test\bin\debug\test.dll" id="ed2a5779-15d0-873d-11b3-7019131745df">
      <Execution id="30148570-ad60-40aa-8f1d-ad03b7d5c65a" />
      <TestMethod codeBase="C:/Example/Algorithms/Test/bin/Debug/Test.DLL" adapterTypeName="Microsoft.VisualStudio.TestTools.TestTypes.Unit.UnitTestAdapter, Microsoft.VisualStudio.QualityTools.Tips.UnitTest.Adapter, Version=10.0.0.0, Culture=neutral, PublicKeyToken=b03f5f7f11d50a3a" className="Test.FindTest, Test, Version=1.0.0.0, Culture=neutral, PublicKeyToken=null" name="BinarySearchTest" />
    </UnitTest>
    <UnitTest name="Push_Push_Pop_Pop_Test" storage="c:\example\algorithms\test\bin\debug\test.dll" id="5075d4ea-2572-a80b-d5aa-29caa5499e5e">
      <Execution id="25332d33-ec4c-439d-a907-b443f505f6df" />
      <TestMethod codeBase="C:/Example/Algorithms/Test/bin/Debug/Test.DLL" adapterTypeName="Microsoft.VisualStudio.TestTools.TestTypes.Unit.UnitTestAdapter, Microsoft.VisualStudio.QualityTools.Tips.UnitTest.Adapter, Version=10.0.0.0, Culture=neutral, PublicKeyToken=b03f5f7f11d50a3a" className="Test.StactAndQueueTest, Test, Version=1.0.0.0, Culture=neutral, PublicKeyToken=null" name="Push_Push_Pop_Pop_Test" />
    </UnitTest>
  </TestDefinitions>
  <TestLists>
    <TestList name="列表中未列出的结果" id="8c84fa94-04c1-424b-9868-57a2d4851a1d" />
    <TestList name="所有已加载的结果" id="19431567-8539-422a-85d7-44ee4e166bda" />
  </TestLists>
  <TestEntries>
    <TestEntry testId="5075d4ea-2572-a80b-d5aa-29caa5499e5e" executionId="25332d33-ec4c-439d-a907-b443f505f6df" testListId="8c84fa94-04c1-424b-9868-57a2d4851a1d" />
    <TestEntry testId="f30f64dc-f60a-7a1b-4ed2-a7081c673cf4" executionId="4c49e655-5000-49f2-8694-7cc9a2e3cd0d" testListId="8c84fa94-04c1-424b-9868-57a2d4851a1d" />
    <TestEntry testId="98939fcc-c702-767d-917e-14392c313e84" executionId="8a388f5d-9f61-424d-bbba-edd185362592" testListId="8c84fa94-04c1-424b-9868-57a2d4851a1d" />
    <TestEntry testId="ed2a5779-15d0-873d-11b3-7019131745df" executionId="30148570-ad60-40aa-8f1d-ad03b7d5c65a" testListId="8c84fa94-04c1-424b-9868-57a2d4851a1d" />
  </TestEntries>
  <Results>
    <UnitTestResult executionId="25332d33-ec4c-439d-a907-b443f505f6df" testId="5075d4ea-2572-a80b-d5aa-29caa5499e5e" testName="Push_Push_Pop_Pop_Test" computerName="WIN-JFQRAMAGDFJ" duration="00:00:00.0366781" startTime="2014-07-24T14:19:29.8638918+08:00" endTime="2014-07-24T14:19:30.2269281+08:00" testType="13cdc9d9-ddb5-4fa4-a97d-d965ccfc6d4b" outcome="Passed" testListId="8c84fa94-04c1-424b-9868-57a2d4851a1d" relativeResultsDirectory="25332d33-ec4c-439d-a907-b443f505f6df">
    </UnitTestResult>
    <UnitTestResult executionId="4c49e655-5000-49f2-8694-7cc9a2e3cd0d" testId="f30f64dc-f60a-7a1b-4ed2-a7081c673cf4" testName="Push_Push_Pop_Push_Pop_Test" computerName="WIN-JFQRAMAGDFJ" duration="00:00:00.0008802" startTime="2014-07-24T14:19:30.2379292+08:00" endTime="2014-07-24T14:19:30.2469301+08:00" testType="13cdc9d9-ddb5-4fa4-a97d-d965ccfc6d4b" outcome="Passed" testListId="8c84fa94-04c1-424b-9868-57a2d4851a1d" relativeResultsDirectory="4c49e655-5000-49f2-8694-7cc9a2e3cd0d">
    </UnitTestResult>
    <UnitTestResult executionId="8a388f5d-9f61-424d-bbba-edd185362592" testId="98939fcc-c702-767d-917e-14392c313e84" testName="MergeArrayTest" computerName="WIN-JFQRAMAGDFJ" duration="00:00:00.0024488" startTime="2014-07-24T14:19:30.2489303+08:00" endTime="2014-07-24T14:19:30.2669321+08:00" testType="13cdc9d9-ddb5-4fa4-a97d-d965ccfc6d4b" outcome="Passed" testListId="8c84fa94-04c1-424b-9868-57a2d4851a1d" relativeResultsDirectory="8a388f5d-9f61-424d-bbba-edd185362592">
    </UnitTestResult>
    <UnitTestResult executionId="30148570-ad60-40aa-8f1d-ad03b7d5c65a" testId="ed2a5779-15d0-873d-11b3-7019131745df" testName="BinarySearchTest" computerName="WIN-JFQRAMAGDFJ" duration="00:00:00.0020247" startTime="2014-07-24T14:19:30.2729327+08:00" endTime="2014-07-24T14:19:30.2829337+08:00" testType="13cdc9d9-ddb5-4fa4-a97d-d965ccfc6d4b" outcome="Passed" testListId="8c84fa94-04c1-424b-9868-57a2d4851a1d" relativeResultsDirectory="30148570-ad60-40aa-8f1d-ad03b7d5c65a">
    </UnitTestResult>
  </Results>
</TestRun>