<?xml version="1.0" encoding="UTF-8"?>
<TestRun id="9fa041af-6727-4a20-98b5-5332aeb03e74" name="Tomson@WIN-JFQRAMAGDFJ 2014-07-24 11:19:59" runUser="WIN-JFQRAMAGDFJ\Tomson" xmlns="http://microsoft.com/schemas/VisualStudio/TeamTest/2010">
  <TestSettings name="本地" id="2b365126-f457-4e84-a70a-6a9d4c896ef3">
    <Description>这些设置为本地测试运行的默认测试设置。</Description>
    <Deployment enabled="false" runDeploymentRoot="Tomson_WIN-JFQRAMAGDFJ 2014-07-24 11_19_59">
      <DeploymentItem filename="C:\Example\Algorithms\Algorithms\bin\Debug\Algorithms.exe" />
    </Deployment>
    <Execution>
      <TestTypeSpecific />
      <AgentRule name="Execution Agents">
      </AgentRule>
    </Execution>
  </TestSettings>
  <Times creation="2014-07-24T11:19:59.5137210+08:00" queuing="2014-07-24T11:19:59.8547892+08:00" start="2014-07-24T11:19:59.9208024+08:00" finish="2014-07-24T11:20:00.5869356+08:00" />
  <ResultSummary outcome="Failed">
    <Counters total="1" executed="1" error="0" failed="1" timeout="0" aborted="0" inconclusive="0" passedButRunAborted="0" notRunnable="0" notExecuted="0" disconnected="0" warning="0" passed="0" completed="0" inProgress="0" pending="0" />
  </ResultSummary>
  <TestDefinitions>
    <UnitTest name="MergeArrayTest" storage="c:\example\algorithms\test\bin\debug\test.dll" id="98939fcc-c702-767d-917e-14392c313e84">
      <Execution id="8d95a299-99a4-42b4-addc-b90d9939ab2c" />
      <TestMethod codeBase="C:/Example/Algorithms/Test/bin/Debug/Test.DLL" adapterTypeName="Microsoft.VisualStudio.TestTools.TestTypes.Unit.UnitTestAdapter, Microsoft.VisualStudio.QualityTools.Tips.UnitTest.Adapter, Version=10.0.0.0, Culture=neutral, PublicKeyToken=b03f5f7f11d50a3a" className="Test.SortTest, Test, Version=1.0.0.0, Culture=neutral, PublicKeyToken=null" name="MergeArrayTest" />
    </UnitTest>
  </TestDefinitions>
  <TestLists>
    <TestList name="列表中未列出的结果" id="8c84fa94-04c1-424b-9868-57a2d4851a1d" />
    <TestList name="所有已加载的结果" id="19431567-8539-422a-85d7-44ee4e166bda" />
  </TestLists>
  <TestEntries>
    <TestEntry testId="98939fcc-c702-767d-917e-14392c313e84" executionId="8d95a299-99a4-42b4-addc-b90d9939ab2c" testListId="8c84fa94-04c1-424b-9868-57a2d4851a1d" />
  </TestEntries>
  <Results>
    <UnitTestResult executionId="8d95a299-99a4-42b4-addc-b90d9939ab2c" testId="98939fcc-c702-767d-917e-14392c313e84" testName="MergeArrayTest" computerName="WIN-JFQRAMAGDFJ" duration="00:00:00.0876892" startTime="2014-07-24T11:19:59.9658114+08:00" endTime="2014-07-24T11:20:00.4949172+08:00" testType="13cdc9d9-ddb5-4fa4-a97d-d965ccfc6d4b" outcome="Failed" testListId="8c84fa94-04c1-424b-9868-57a2d4851a1d" relativeResultsDirectory="8d95a299-99a4-42b4-addc-b90d9939ab2c">
      <Output>
        <ErrorInfo>
          <Message>Assert.AreEqual 失败。应为: &lt;System.Int32[]&gt;，实际为: &lt;System.Int32[]&gt;。</Message>
          <StackTrace>   在 Test.SortTest.MergeArrayTest() 位置 C:\Example\Algorithms\Test\SortTest.cs:行号 30
</StackTrace>
        </ErrorInfo>
      </Output>
    </UnitTestResult>
  </Results>
</TestRun>