<?xml version="1.0" encoding="UTF-8"?>
<TestRun id="e88d52a4-1a64-4458-884b-9f0957da26d0" name="Tomson@WIN-JFQRAMAGDFJ 2014-07-24 16:44:25" runUser="WIN-JFQRAMAGDFJ\Tomson" xmlns="http://microsoft.com/schemas/VisualStudio/TeamTest/2010">
  <TestSettings name="本地" id="2b365126-f457-4e84-a70a-6a9d4c896ef3">
    <Description>这些设置为本地测试运行的默认测试设置。</Description>
    <Deployment runDeploymentRoot="Tomson_WIN-JFQRAMAGDFJ 2014-07-24 16_44_25">
      <DeploymentItem filename="C:\Example\Algorithms\Algorithms\bin\Debug\Algorithms.exe" />
    </Deployment>
    <Execution>
      <TestTypeSpecific>
        <UnitTestRunConfig testTypeId="13cdc9d9-ddb5-4fa4-a97d-d965ccfc6d4b">
          <AssemblyResolution>
            <TestDirectory useLoadContext="true" />
          </AssemblyResolution>
        </UnitTestRunConfig>
        <WebTestRunConfiguration testTypeId="4e7599fa-5ecb-43e9-a887-cd63cf72d207">
          <Browser name="Internet Explorer 7.0">
            <Headers>
              <Header name="User-Agent" value="Mozilla/4.0 (compatible; MSIE 7.0; Windows NT 5.1)" />
              <Header name="Accept" value="*/*" />
              <Header name="Accept-Language" value="{{$IEAcceptLanguage}}" />
              <Header name="Accept-Encoding" value="GZIP" />
            </Headers>
          </Browser>
        </WebTestRunConfiguration>
      </TestTypeSpecific>
      <AgentRule name="LocalMachineDefaultRole">
        <DataCollectors>
          <DataCollector uri="datacollector://microsoft/CodeCoverage/1.0" assemblyQualifiedName="Microsoft.VisualStudio.TestTools.CodeCoverage.CoveragePlugIn, Microsoft.VisualStudio.QualityTools.Plugins.CodeCoverage, Version=10.0.0.0, Culture=neutral, PublicKeyToken=b03f5f7f11d50a3a" friendlyName="代码覆盖率" enabled="false">
            <Configuration>
              <CodeCoverage xmlns="">
                <Regular>
                  <CodeCoverageItem binaryFile="Test\bin\Debug\Test.dll" pdbFile="Test\bin\Debug\Test.pdb" instrumentInPlace="true" />
                  <CodeCoverageItem binaryFile="Algorithms\bin\Debug\Algorithms.exe" pdbFile="Algorithms\bin\Debug\Algorithms.pdb" instrumentInPlace="true" />
                </Regular>
              </CodeCoverage>
            </Configuration>
          </DataCollector>
        </DataCollectors>
      </AgentRule>
    </Execution>
  </TestSettings>
  <Times creation="2014-07-24T16:44:25.7082216+08:00" queuing="2014-07-24T16:44:29.0415549+08:00" start="2014-07-24T16:44:29.3145822+08:00" finish="2014-07-24T16:45:17.9854488+08:00" />
  <ResultSummary outcome="Error">
    <Counters total="1" executed="1" error="0" failed="0" timeout="0" aborted="1" inconclusive="0" passedButRunAborted="0" notRunnable="0" notExecuted="0" disconnected="0" warning="0" passed="0" completed="0" inProgress="0" pending="0" />
    <RunInfos>
      <RunInfo computerName="WIN-JFQRAMAGDFJ" outcome="Error" timestamp="2014-07-24T16:45:17.9574460+08:00">
        <Text>测试宿主进程意外退出。</Text>
      </RunInfo>
    </RunInfos>
  </ResultSummary>
  <TestDefinitions>
    <UnitTest name="QuickTest" storage="c:\example\algorithms\test\bin\debug\test.dll" id="4577f593-3ba7-c2e9-a70e-bb1ba0b757b6">
      <Execution id="66fe56ee-a624-4083-84db-3489b5db7a0e" />
      <TestMethod codeBase="C:/Example/Algorithms/Test/bin/Debug/Test.DLL" adapterTypeName="Microsoft.VisualStudio.TestTools.TestTypes.Unit.UnitTestAdapter, Microsoft.VisualStudio.QualityTools.Tips.UnitTest.Adapter, Version=10.0.0.0, Culture=neutral, PublicKeyToken=b03f5f7f11d50a3a" className="Test.SortTest, Test, Version=1.0.0.0, Culture=neutral, PublicKeyToken=null" name="QuickTest" />
    </UnitTest>
  </TestDefinitions>
  <TestLists>
    <TestList name="列表中未列出的结果" id="8c84fa94-04c1-424b-9868-57a2d4851a1d" />
    <TestList name="所有已加载的结果" id="19431567-8539-422a-85d7-44ee4e166bda" />
  </TestLists>
  <TestEntries>
    <TestEntry testId="4577f593-3ba7-c2e9-a70e-bb1ba0b757b6" executionId="66fe56ee-a624-4083-84db-3489b5db7a0e" testListId="8c84fa94-04c1-424b-9868-57a2d4851a1d" />
  </TestEntries>
  <Results>
    <UnitTestResult executionId="66fe56ee-a624-4083-84db-3489b5db7a0e" testId="4577f593-3ba7-c2e9-a70e-bb1ba0b757b6" testName="QuickTest" computerName="WIN-JFQRAMAGDFJ" duration="00:00:48.4608456" startTime="2014-07-24T16:44:29.5246032+08:00" endTime="2014-07-24T16:45:17.9854488+08:00" testType="13cdc9d9-ddb5-4fa4-a97d-d965ccfc6d4b" outcome="Aborted" testListId="8c84fa94-04c1-424b-9868-57a2d4851a1d" relativeResultsDirectory="66fe56ee-a624-4083-84db-3489b5db7a0e">
    </UnitTestResult>
  </Results>
</TestRun>