<?xml version="1.0" encoding="UTF-8"?>
<TestRun id="549ee4d9-cb50-457e-a1be-5513c61011e1" name="Tomson@WIN-JFQRAMAGDFJ 2014-07-24 15:02:48" runUser="WIN-JFQRAMAGDFJ\Tomson" xmlns="http://microsoft.com/schemas/VisualStudio/TeamTest/2010">
  <TestSettings name="本地" id="2b365126-f457-4e84-a70a-6a9d4c896ef3">
    <Description>这些设置为本地测试运行的默认测试设置。</Description>
    <Deployment runDeploymentRoot="Tomson_WIN-JFQRAMAGDFJ 2014-07-24 15_02_48">
      <DeploymentItem filename="C:\Example\Algorithms\Algorithms\bin\Debug\Algorithms.exe" />
    </Deployment>
    <Execution>
      <TestTypeSpecific>
        <UnitTestRunConfig testTypeId="13cdc9d9-ddb5-4fa4-a97d-d965ccfc6d4b">
          <AssemblyResolution>
            <TestDirectory useLoadContext="true" />
          </AssemblyResolution>
        </UnitTestRunConfig>
        <WebTestRunConfiguration testTypeId="4e7599fa-5ecb-43e9-a887-cd63cf72d207">
          <Browser name="Internet Explorer 7.0">
            <Headers>
              <Header name="User-Agent" value="Mozilla/4.0 (compatible; MSIE 7.0; Windows NT 5.1)" />
              <Header name="Accept" value="*/*" />
              <Header name="Accept-Language" value="{{$IEAcceptLanguage}}" />
              <Header name="Accept-Encoding" value="GZIP" />
            </Headers>
          </Browser>
        </WebTestRunConfiguration>
      </TestTypeSpecific>
      <AgentRule name="LocalMachineDefaultRole">
        <DataCollectors>
          <DataCollector uri="datacollector://microsoft/CodeCoverage/1.0" assemblyQualifiedName="Microsoft.VisualStudio.TestTools.CodeCoverage.CoveragePlugIn, Microsoft.VisualStudio.QualityTools.Plugins.CodeCoverage, Version=10.0.0.0, Culture=neutral, PublicKeyToken=b03f5f7f11d50a3a" friendlyName="代码覆盖率">
            <Configuration>
              <CodeCoverage xmlns="">
                <Regular>
                  <CodeCoverageItem binaryFile="C:\Example\Algorithms\Test\bin\Debug\Test.dll" pdbFile="C:\Example\Algorithms\Test\bin\Debug\Test.instr.pdb" instrumentInPlace="true" />
                  <CodeCoverageItem binaryFile="C:\Example\Algorithms\Algorithms\bin\Debug\Algorithms.exe" pdbFile="C:\Example\Algorithms\Algorithms\bin\Debug\Algorithms.instr.pdb" instrumentInPlace="true" />
                </Regular>
              </CodeCoverage>
            </Configuration>
          </DataCollector>
        </DataCollectors>
      </AgentRule>
    </Execution>
  </TestSettings>
  <Times creation="2014-07-24T15:02:48.0749168+08:00" queuing="2014-07-24T15:02:49.6032224+08:00" start="2014-07-24T15:02:49.7342486+08:00" finish="2014-07-24T15:02:53.4849986+08:00" />
  <ResultSummary outcome="Completed">
    <Counters total="5" executed="5" passed="5" error="0" failed="0" timeout="0" aborted="0" inconclusive="0" passedButRunAborted="0" notRunnable="0" notExecuted="0" disconnected="0" warning="0" completed="0" inProgress="0" pending="0" />
    <ResultFiles>
      <ResultFile path="WIN-JFQRAMAGDFJ\data.coverage" />
    </ResultFiles>
  </ResultSummary>
  <TestDefinitions>
    <UnitTest name="MergeArrayTest" storage="c:\example\algorithms\test\bin\debug\test.dll" id="98939fcc-c702-767d-917e-14392c313e84">
      <Execution id="f2ec80e2-ac34-479c-8495-39390d8a160a" />
      <TestMethod codeBase="C:/Example/Algorithms/Test/bin/Debug/Test.DLL" adapterTypeName="Microsoft.VisualStudio.TestTools.TestTypes.Unit.UnitTestAdapter, Microsoft.VisualStudio.QualityTools.Tips.UnitTest.Adapter, Version=10.0.0.0, Culture=neutral, PublicKeyToken=b03f5f7f11d50a3a" className="Test.SortTest, Test, Version=1.0.0.0, Culture=neutral, PublicKeyToken=null" name="MergeArrayTest" />
    </UnitTest>
    <UnitTest name="Push_Push_Pop_Push_Pop_Test" storage="c:\example\algorithms\test\bin\debug\test.dll" id="f30f64dc-f60a-7a1b-4ed2-a7081c673cf4">
      <Execution id="13b90766-ba58-4b38-86ee-8a446d1894a1" />
      <TestMethod codeBase="C:/Example/Algorithms/Test/bin/Debug/Test.DLL" adapterTypeName="Microsoft.VisualStudio.TestTools.TestTypes.Unit.UnitTestAdapter, Microsoft.VisualStudio.QualityTools.Tips.UnitTest.Adapter, Version=10.0.0.0, Culture=neutral, PublicKeyToken=b03f5f7f11d50a3a" className="Test.StactAndQueueTest, Test, Version=1.0.0.0, Culture=neutral, PublicKeyToken=null" name="Push_Push_Pop_Push_Pop_Test" />
    </UnitTest>
    <UnitTest name="TestMethod1" storage="c:\example\algorithms\test\bin\debug\test.dll" id="02bd63ea-c986-6226-d5cc-5ef0d874b5d1">
      <Execution id="b19c37aa-6ac2-4993-8ae2-c63b935f73f8" />
      <TestMethod codeBase="C:/Example/Algorithms/Test/bin/Debug/Test.DLL" adapterTypeName="Microsoft.VisualStudio.TestTools.TestTypes.Unit.UnitTestAdapter, Microsoft.VisualStudio.QualityTools.Tips.UnitTest.Adapter, Version=10.0.0.0, Culture=neutral, PublicKeyToken=b03f5f7f11d50a3a" className="Test.UnitTest1, Test, Version=1.0.0.0, Culture=neutral, PublicKeyToken=null" name="TestMethod1" />
    </UnitTest>
    <UnitTest name="Push_Push_Pop_Pop_Test" storage="c:\example\algorithms\test\bin\debug\test.dll" id="5075d4ea-2572-a80b-d5aa-29caa5499e5e">
      <Execution id="48e2053f-143b-4f95-b73d-91a1bdd7af9f" />
      <TestMethod codeBase="C:/Example/Algorithms/Test/bin/Debug/Test.DLL" adapterTypeName="Microsoft.VisualStudio.TestTools.TestTypes.Unit.UnitTestAdapter, Microsoft.VisualStudio.QualityTools.Tips.UnitTest.Adapter, Version=10.0.0.0, Culture=neutral, PublicKeyToken=b03f5f7f11d50a3a" className="Test.StactAndQueueTest, Test, Version=1.0.0.0, Culture=neutral, PublicKeyToken=null" name="Push_Push_Pop_Pop_Test" />
    </UnitTest>
    <UnitTest name="BinarySearchTest" storage="c:\example\algorithms\test\bin\debug\test.dll" id="ed2a5779-15d0-873d-11b3-7019131745df">
      <Execution id="1f391f46-ff87-4a67-8e33-abefd339e96b" />
      <TestMethod codeBase="C:/Example/Algorithms/Test/bin/Debug/Test.DLL" adapterTypeName="Microsoft.VisualStudio.TestTools.TestTypes.Unit.UnitTestAdapter, Microsoft.VisualStudio.QualityTools.Tips.UnitTest.Adapter, Version=10.0.0.0, Culture=neutral, PublicKeyToken=b03f5f7f11d50a3a" className="Test.FindTest, Test, Version=1.0.0.0, Culture=neutral, PublicKeyToken=null" name="BinarySearchTest" />
    </UnitTest>
  </TestDefinitions>
  <TestLists>
    <TestList name="列表中未列出的结果" id="8c84fa94-04c1-424b-9868-57a2d4851a1d" />
    <TestList name="所有已加载的结果" id="19431567-8539-422a-85d7-44ee4e166bda" />
  </TestLists>
  <TestEntries>
    <TestEntry testId="02bd63ea-c986-6226-d5cc-5ef0d874b5d1" executionId="b19c37aa-6ac2-4993-8ae2-c63b935f73f8" testListId="8c84fa94-04c1-424b-9868-57a2d4851a1d" />
    <TestEntry testId="5075d4ea-2572-a80b-d5aa-29caa5499e5e" executionId="48e2053f-143b-4f95-b73d-91a1bdd7af9f" testListId="8c84fa94-04c1-424b-9868-57a2d4851a1d" />
    <TestEntry testId="98939fcc-c702-767d-917e-14392c313e84" executionId="f2ec80e2-ac34-479c-8495-39390d8a160a" testListId="8c84fa94-04c1-424b-9868-57a2d4851a1d" />
    <TestEntry testId="ed2a5779-15d0-873d-11b3-7019131745df" executionId="1f391f46-ff87-4a67-8e33-abefd339e96b" testListId="8c84fa94-04c1-424b-9868-57a2d4851a1d" />
    <TestEntry testId="f30f64dc-f60a-7a1b-4ed2-a7081c673cf4" executionId="13b90766-ba58-4b38-86ee-8a446d1894a1" testListId="8c84fa94-04c1-424b-9868-57a2d4851a1d" />
  </TestEntries>
  <Results>
    <UnitTestResult executionId="b19c37aa-6ac2-4993-8ae2-c63b935f73f8" testId="02bd63ea-c986-6226-d5cc-5ef0d874b5d1" testName="TestMethod1" computerName="WIN-JFQRAMAGDFJ" duration="00:00:00.0259431" startTime="2014-07-24T15:02:51.1055228+08:00" endTime="2014-07-24T15:02:51.4365890+08:00" testType="13cdc9d9-ddb5-4fa4-a97d-d965ccfc6d4b" outcome="Passed" testListId="8c84fa94-04c1-424b-9868-57a2d4851a1d" relativeResultsDirectory="b19c37aa-6ac2-4993-8ae2-c63b935f73f8">
    </UnitTestResult>
    <UnitTestResult executionId="48e2053f-143b-4f95-b73d-91a1bdd7af9f" testId="5075d4ea-2572-a80b-d5aa-29caa5499e5e" testName="Push_Push_Pop_Pop_Test" computerName="WIN-JFQRAMAGDFJ" duration="00:00:00.0063057" startTime="2014-07-24T15:02:51.4435904+08:00" endTime="2014-07-24T15:02:51.4585934+08:00" testType="13cdc9d9-ddb5-4fa4-a97d-d965ccfc6d4b" outcome="Passed" testListId="8c84fa94-04c1-424b-9868-57a2d4851a1d" relativeResultsDirectory="48e2053f-143b-4f95-b73d-91a1bdd7af9f">
    </UnitTestResult>
    <UnitTestResult executionId="f2ec80e2-ac34-479c-8495-39390d8a160a" testId="98939fcc-c702-767d-917e-14392c313e84" testName="MergeArrayTest" computerName="WIN-JFQRAMAGDFJ" duration="00:00:00.0011061" startTime="2014-07-24T15:02:51.4605938+08:00" endTime="2014-07-24T15:02:51.4695956+08:00" testType="13cdc9d9-ddb5-4fa4-a97d-d965ccfc6d4b" outcome="Passed" testListId="8c84fa94-04c1-424b-9868-57a2d4851a1d" relativeResultsDirectory="f2ec80e2-ac34-479c-8495-39390d8a160a">
    </UnitTestResult>
    <UnitTestResult executionId="1f391f46-ff87-4a67-8e33-abefd339e96b" testId="ed2a5779-15d0-873d-11b3-7019131745df" testName="BinarySearchTest" computerName="WIN-JFQRAMAGDFJ" duration="00:00:00.0014733" startTime="2014-07-24T15:02:51.4725962+08:00" endTime="2014-07-24T15:02:51.4785974+08:00" testType="13cdc9d9-ddb5-4fa4-a97d-d965ccfc6d4b" outcome="Passed" testListId="8c84fa94-04c1-424b-9868-57a2d4851a1d" relativeResultsDirectory="1f391f46-ff87-4a67-8e33-abefd339e96b">
    </UnitTestResult>
    <UnitTestResult executionId="13b90766-ba58-4b38-86ee-8a446d1894a1" testId="f30f64dc-f60a-7a1b-4ed2-a7081c673cf4" testName="Push_Push_Pop_Push_Pop_Test" computerName="WIN-JFQRAMAGDFJ" duration="00:00:00.0024496" startTime="2014-07-24T15:02:51.4825982+08:00" endTime="2014-07-24T15:02:51.4905998+08:00" testType="13cdc9d9-ddb5-4fa4-a97d-d965ccfc6d4b" outcome="Passed" testListId="8c84fa94-04c1-424b-9868-57a2d4851a1d" relativeResultsDirectory="13b90766-ba58-4b38-86ee-8a446d1894a1">
    </UnitTestResult>
  </Results>
</TestRun>