<?xml version="1.0" encoding="UTF-8"?>
<TestRun id="8f90595f-a621-4254-ac44-8c3b825f46db" name="Tomson@WIN-JFQRAMAGDFJ 2014-07-24 13:48:39" runUser="WIN-JFQRAMAGDFJ\Tomson" xmlns="http://microsoft.com/schemas/VisualStudio/TeamTest/2010">
  <TestSettings name="本地" id="2b365126-f457-4e84-a70a-6a9d4c896ef3">
    <Description>这些设置为本地测试运行的默认测试设置。</Description>
    <Deployment userDeploymentRoot="C:\Example\Algorithms\TestResults" useDefaultDeploymentRoot="false" enabled="false" runDeploymentRoot="Tomson_WIN-JFQRAMAGDFJ 2014-07-24 13_48_39">
      <DeploymentItem filename="C:\Example\Algorithms\Algorithms\bin\Debug\Algorithms.exe" />
    </Deployment>
    <Execution>
      <TestTypeSpecific />
      <AgentRule name="Execution Agents">
      </AgentRule>
    </Execution>
  </TestSettings>
  <Times creation="2014-07-24T13:48:39.2648849+08:00" queuing="2014-07-24T13:48:39.2718856+08:00" start="2014-07-24T13:48:39.5199104+08:00" finish="2014-07-24T13:48:39.7479332+08:00" />
  <ResultSummary outcome="Completed">
    <Counters total="5" executed="5" passed="5" error="0" failed="0" timeout="0" aborted="0" inconclusive="0" passedButRunAborted="0" notRunnable="0" notExecuted="0" disconnected="0" warning="0" completed="0" inProgress="0" pending="0" />
  </ResultSummary>
  <TestDefinitions>
    <UnitTest name="MergeArrayTest" storage="c:\example\algorithms\test\bin\debug\test.dll" id="98939fcc-c702-767d-917e-14392c313e84">
      <Execution id="156d0492-bb5b-454b-945d-f1ad0cad089d" />
      <TestMethod codeBase="C:/Example/Algorithms/Test/bin/Debug/Test.DLL" adapterTypeName="Microsoft.VisualStudio.TestTools.TestTypes.Unit.UnitTestAdapter, Microsoft.VisualStudio.QualityTools.Tips.UnitTest.Adapter, Version=10.0.0.0, Culture=neutral, PublicKeyToken=b03f5f7f11d50a3a" className="Test.SortTest, Test, Version=1.0.0.0, Culture=neutral, PublicKeyToken=null" name="MergeArrayTest" />
    </UnitTest>
    <UnitTest name="Push_Push_Pop_Push_Pop_Test" storage="c:\example\algorithms\test\bin\debug\test.dll" id="f30f64dc-f60a-7a1b-4ed2-a7081c673cf4">
      <Execution id="076486c6-e0b9-4ef8-8850-14b1cb8a861f" />
      <TestMethod codeBase="C:/Example/Algorithms/Test/bin/Debug/Test.DLL" adapterTypeName="Microsoft.VisualStudio.TestTools.TestTypes.Unit.UnitTestAdapter, Microsoft.VisualStudio.QualityTools.Tips.UnitTest.Adapter, Version=10.0.0.0, Culture=neutral, PublicKeyToken=b03f5f7f11d50a3a" className="Test.StactAndQueueTest, Test, Version=1.0.0.0, Culture=neutral, PublicKeyToken=null" name="Push_Push_Pop_Push_Pop_Test" />
    </UnitTest>
    <UnitTest name="TestMethod1" storage="c:\example\algorithms\test\bin\debug\test.dll" id="02bd63ea-c986-6226-d5cc-5ef0d874b5d1">
      <Execution id="1aa62b4f-dce2-485c-9626-8bcefc8fffad" />
      <TestMethod codeBase="C:/Example/Algorithms/Test/bin/Debug/Test.DLL" adapterTypeName="Microsoft.VisualStudio.TestTools.TestTypes.Unit.UnitTestAdapter, Microsoft.VisualStudio.QualityTools.Tips.UnitTest.Adapter, Version=10.0.0.0, Culture=neutral, PublicKeyToken=b03f5f7f11d50a3a" className="Test.UnitTest1, Test, Version=1.0.0.0, Culture=neutral, PublicKeyToken=null" name="TestMethod1" />
    </UnitTest>
    <UnitTest name="Push_Push_Pop_Pop_Test" storage="c:\example\algorithms\test\bin\debug\test.dll" id="5075d4ea-2572-a80b-d5aa-29caa5499e5e">
      <Execution id="8a12921c-00e8-4499-9411-2c4bfe236832" />
      <TestMethod codeBase="C:/Example/Algorithms/Test/bin/Debug/Test.DLL" adapterTypeName="Microsoft.VisualStudio.TestTools.TestTypes.Unit.UnitTestAdapter, Microsoft.VisualStudio.QualityTools.Tips.UnitTest.Adapter, Version=10.0.0.0, Culture=neutral, PublicKeyToken=b03f5f7f11d50a3a" className="Test.StactAndQueueTest, Test, Version=1.0.0.0, Culture=neutral, PublicKeyToken=null" name="Push_Push_Pop_Pop_Test" />
    </UnitTest>
    <UnitTest name="BinarySearchTest" storage="c:\example\algorithms\test\bin\debug\test.dll" id="ed2a5779-15d0-873d-11b3-7019131745df">
      <Execution id="a4ffac4b-d1db-4e3e-96ea-4eeee0bfd5a0" />
      <TestMethod codeBase="C:/Example/Algorithms/Test/bin/Debug/Test.DLL" adapterTypeName="Microsoft.VisualStudio.TestTools.TestTypes.Unit.UnitTestAdapter, Microsoft.VisualStudio.QualityTools.Tips.UnitTest.Adapter, Version=10.0.0.0, Culture=neutral, PublicKeyToken=b03f5f7f11d50a3a" className="Test.FindTest, Test, Version=1.0.0.0, Culture=neutral, PublicKeyToken=null" name="BinarySearchTest" />
    </UnitTest>
  </TestDefinitions>
  <TestLists>
    <TestList name="列表中未列出的结果" id="8c84fa94-04c1-424b-9868-57a2d4851a1d" />
    <TestList name="所有已加载的结果" id="19431567-8539-422a-85d7-44ee4e166bda" />
  </TestLists>
  <TestEntries>
    <TestEntry testId="02bd63ea-c986-6226-d5cc-5ef0d874b5d1" executionId="1aa62b4f-dce2-485c-9626-8bcefc8fffad" testListId="8c84fa94-04c1-424b-9868-57a2d4851a1d" />
    <TestEntry testId="5075d4ea-2572-a80b-d5aa-29caa5499e5e" executionId="8a12921c-00e8-4499-9411-2c4bfe236832" testListId="8c84fa94-04c1-424b-9868-57a2d4851a1d" />
    <TestEntry testId="98939fcc-c702-767d-917e-14392c313e84" executionId="156d0492-bb5b-454b-945d-f1ad0cad089d" testListId="8c84fa94-04c1-424b-9868-57a2d4851a1d" />
    <TestEntry testId="ed2a5779-15d0-873d-11b3-7019131745df" executionId="a4ffac4b-d1db-4e3e-96ea-4eeee0bfd5a0" testListId="8c84fa94-04c1-424b-9868-57a2d4851a1d" />
    <TestEntry testId="f30f64dc-f60a-7a1b-4ed2-a7081c673cf4" executionId="076486c6-e0b9-4ef8-8850-14b1cb8a861f" testListId="8c84fa94-04c1-424b-9868-57a2d4851a1d" />
  </TestEntries>
  <Results>
    <UnitTestResult executionId="1aa62b4f-dce2-485c-9626-8bcefc8fffad" testId="02bd63ea-c986-6226-d5cc-5ef0d874b5d1" testName="TestMethod1" computerName="WIN-JFQRAMAGDFJ" duration="00:00:00.0160533" startTime="2014-07-24T13:48:39.3198904+08:00" endTime="2014-07-24T13:48:39.5829167+08:00" testType="13cdc9d9-ddb5-4fa4-a97d-d965ccfc6d4b" outcome="Passed" testListId="8c84fa94-04c1-424b-9868-57a2d4851a1d" relativeResultsDirectory="1aa62b4f-dce2-485c-9626-8bcefc8fffad">
    </UnitTestResult>
    <UnitTestResult executionId="8a12921c-00e8-4499-9411-2c4bfe236832" testId="5075d4ea-2572-a80b-d5aa-29caa5499e5e" testName="Push_Push_Pop_Pop_Test" computerName="WIN-JFQRAMAGDFJ" duration="00:00:00.0100005" startTime="2014-07-24T13:48:39.5979182+08:00" endTime="2014-07-24T13:48:39.6229207+08:00" testType="13cdc9d9-ddb5-4fa4-a97d-d965ccfc6d4b" outcome="Passed" testListId="8c84fa94-04c1-424b-9868-57a2d4851a1d" relativeResultsDirectory="8a12921c-00e8-4499-9411-2c4bfe236832">
    </UnitTestResult>
    <UnitTestResult executionId="156d0492-bb5b-454b-945d-f1ad0cad089d" testId="98939fcc-c702-767d-917e-14392c313e84" testName="MergeArrayTest" computerName="WIN-JFQRAMAGDFJ" duration="00:00:00.0010559" startTime="2014-07-24T13:48:39.6429227+08:00" endTime="2014-07-24T13:48:39.6689253+08:00" testType="13cdc9d9-ddb5-4fa4-a97d-d965ccfc6d4b" outcome="Passed" testListId="8c84fa94-04c1-424b-9868-57a2d4851a1d" relativeResultsDirectory="156d0492-bb5b-454b-945d-f1ad0cad089d">
    </UnitTestResult>
    <UnitTestResult executionId="a4ffac4b-d1db-4e3e-96ea-4eeee0bfd5a0" testId="ed2a5779-15d0-873d-11b3-7019131745df" testName="BinarySearchTest" computerName="WIN-JFQRAMAGDFJ" duration="00:00:00.0093465" startTime="2014-07-24T13:48:39.6859270+08:00" endTime="2014-07-24T13:48:39.7139298+08:00" testType="13cdc9d9-ddb5-4fa4-a97d-d965ccfc6d4b" outcome="Passed" testListId="8c84fa94-04c1-424b-9868-57a2d4851a1d" relativeResultsDirectory="a4ffac4b-d1db-4e3e-96ea-4eeee0bfd5a0">
    </UnitTestResult>
    <UnitTestResult executionId="076486c6-e0b9-4ef8-8850-14b1cb8a861f" testId="f30f64dc-f60a-7a1b-4ed2-a7081c673cf4" testName="Push_Push_Pop_Push_Pop_Test" computerName="WIN-JFQRAMAGDFJ" duration="00:00:00.0018857" startTime="2014-07-24T13:48:39.7199304+08:00" endTime="2014-07-24T13:48:39.7279312+08:00" testType="13cdc9d9-ddb5-4fa4-a97d-d965ccfc6d4b" outcome="Passed" testListId="8c84fa94-04c1-424b-9868-57a2d4851a1d" relativeResultsDirectory="076486c6-e0b9-4ef8-8850-14b1cb8a861f">
    </UnitTestResult>
  </Results>
</TestRun>