<?xml version="1.0" encoding="UTF-8"?>
<TestRun id="52a7d742-3a24-449f-b21d-f675316c2bdf" name="Tomson@WIN-JFQRAMAGDFJ 2014-07-24 12:41:50" runUser="WIN-JFQRAMAGDFJ\Tomson" xmlns="http://microsoft.com/schemas/VisualStudio/TeamTest/2010">
  <TestSettings name="本地" id="2b365126-f457-4e84-a70a-6a9d4c896ef3">
    <Description>这些设置为本地测试运行的默认测试设置。</Description>
    <Deployment enabled="false" runDeploymentRoot="Tomson_WIN-JFQRAMAGDFJ 2014-07-24 12_41_50">
      <DeploymentItem filename="C:\Example\Algorithms\Algorithms\bin\Debug\Algorithms.exe" />
    </Deployment>
    <Execution>
      <TestTypeSpecific />
      <AgentRule name="Execution Agents">
      </AgentRule>
    </Execution>
  </TestSettings>
  <Times creation="2014-07-24T12:41:50.1316975+08:00" queuing="2014-07-24T12:41:51.6960103+08:00" start="2014-07-24T12:41:51.8160343+08:00" finish="2014-07-24T12:41:53.1022915+08:00" />
  <ResultSummary outcome="Completed">
    <Counters total="1" executed="1" passed="1" error="0" failed="0" timeout="0" aborted="0" inconclusive="0" passedButRunAborted="0" notRunnable="0" notExecuted="0" disconnected="0" warning="0" completed="0" inProgress="0" pending="0" />
  </ResultSummary>
  <TestDefinitions>
    <UnitTest name="Push_Push_Pop_Push_Pop_Test" storage="c:\example\algorithms\test\bin\debug\test.dll" id="f30f64dc-f60a-7a1b-4ed2-a7081c673cf4">
      <Execution id="8cde7025-1fed-415c-a503-1e5e35c65678" />
      <TestMethod codeBase="C:/Example/Algorithms/Test/bin/Debug/Test.DLL" adapterTypeName="Microsoft.VisualStudio.TestTools.TestTypes.Unit.UnitTestAdapter, Microsoft.VisualStudio.QualityTools.Tips.UnitTest.Adapter, Version=10.0.0.0, Culture=neutral, PublicKeyToken=b03f5f7f11d50a3a" className="Test.StactAndQueueTest, Test, Version=1.0.0.0, Culture=neutral, PublicKeyToken=null" name="Push_Push_Pop_Push_Pop_Test" />
    </UnitTest>
  </TestDefinitions>
  <TestLists>
    <TestList name="列表中未列出的结果" id="8c84fa94-04c1-424b-9868-57a2d4851a1d" />
    <TestList name="所有已加载的结果" id="19431567-8539-422a-85d7-44ee4e166bda" />
  </TestLists>
  <TestEntries>
    <TestEntry testId="f30f64dc-f60a-7a1b-4ed2-a7081c673cf4" executionId="8cde7025-1fed-415c-a503-1e5e35c65678" testListId="8c84fa94-04c1-424b-9868-57a2d4851a1d" />
  </TestEntries>
  <Results>
    <UnitTestResult executionId="8cde7025-1fed-415c-a503-1e5e35c65678" testId="f30f64dc-f60a-7a1b-4ed2-a7081c673cf4" testName="Push_Push_Pop_Push_Pop_Test" computerName="WIN-JFQRAMAGDFJ" duration="00:00:00.0392498" startTime="2014-07-24T12:41:51.9250561+08:00" endTime="2014-07-24T12:41:53.0172745+08:00" testType="13cdc9d9-ddb5-4fa4-a97d-d965ccfc6d4b" outcome="Passed" testListId="8c84fa94-04c1-424b-9868-57a2d4851a1d" relativeResultsDirectory="8cde7025-1fed-415c-a503-1e5e35c65678">
    </UnitTestResult>
  </Results>
</TestRun>